        -:    0:Source:dominion.c
        -:    0:Graph:dominion.gcno
        -:    0:Data:dominion.gcda
        -:    0:Runs:3
        -:    0:Programs:1
        -:    1:#include "dominion.h"
        -:    2:#include "dominion_helpers.h"
        -:    3:#include "rngs.h"
        -:    4:#include <stdio.h>
        -:    5:#include <math.h>
        -:    6:#include <stdlib.h>
        -:    7:
function compare called 1377152 returned 100% blocks executed 100%
        -:    8:int compare(const void* a, const void* b) {
  1377152:    9:  if (*(int*)a > *(int*)b)
branch  0 taken 53%
branch  1 taken 47%
   729975:   10:    return 1;
   647177:   11:  if (*(int*)a < *(int*)b)
branch  0 taken 99%
branch  1 taken 1%
   645444:   12:    return -1;
     1733:   13:  return 0;
  1377152:   14:}
        -:   15:
function newGame called 0 returned 0% blocks executed 0%
        -:   16:struct gameState* newGame() {
    #####:   17:  struct gameState* g = malloc(sizeof(struct gameState));
    #####:   18:  return g;
        -:   19:}
        -:   20:
function kingdomCards called 0 returned 0% blocks executed 0%
        -:   21:int* kingdomCards(int k1, int k2, int k3, int k4, int k5, int k6, int k7,
        -:   22:		  int k8, int k9, int k10) {
    #####:   23:  int* k = malloc(10 * sizeof(int));
    #####:   24:  k[0] = k1;
    #####:   25:  k[1] = k2;
    #####:   26:  k[2] = k3;
    #####:   27:  k[3] = k4;
    #####:   28:  k[4] = k5;
    #####:   29:  k[5] = k6;
    #####:   30:  k[6] = k7;
    #####:   31:  k[7] = k8;
    #####:   32:  k[8] = k9;
    #####:   33:  k[9] = k10;
    #####:   34:  return k;
        -:   35:}
        -:   36:
function initializeGame called 0 returned 0% blocks executed 0%
        -:   37:int initializeGame(int numPlayers, int kingdomCards[10], int randomSeed,
        -:   38:		   struct gameState *state) {
        -:   39:
        -:   40:  int i;
        -:   41:  int j;
        -:   42:  int it;
        -:   43:  //set up random number generator
    #####:   44:  SelectStream(1);
    #####:   45:  PutSeed((long)randomSeed);
        -:   46:
        -:   47:  //check number of players
    #####:   48:  if (numPlayers > MAX_PLAYERS || numPlayers < 2)
branch  0 never executed
branch  1 never executed
branch  2 never executed
branch  3 never executed
        -:   49:    {
    #####:   50:      return -1;
        -:   51:    }
        -:   52:
        -:   53:  //set number of players
    #####:   54:  state->numPlayers = numPlayers;
        -:   55:
        -:   56:  //check selected kingdom cards are different
    #####:   57:  for (i = 0; i < 10; i++)
branch  0 never executed
branch  1 never executed
        -:   58:    {
    #####:   59:      for (j = 0; j < 10; j++)
branch  0 never executed
branch  1 never executed
        -:   60:        {
    #####:   61:	  if (j != i && kingdomCards[j] == kingdomCards[i])
branch  0 never executed
branch  1 never executed
branch  2 never executed
branch  3 never executed
        -:   62:	    {
    #####:   63:	      return -1;
        -:   64:	    }
    #####:   65:        }
    #####:   66:    }
        -:   67:
        -:   68:
        -:   69:  //initialize supply
        -:   70:  ///////////////////////////////
        -:   71:
        -:   72:  //set number of Curse cards
    #####:   73:  if (numPlayers == 2)
branch  0 never executed
branch  1 never executed
        -:   74:    {
    #####:   75:      state->supplyCount[curse] = 10;
    #####:   76:    }
    #####:   77:  else if (numPlayers == 3)
branch  0 never executed
branch  1 never executed
        -:   78:    {
    #####:   79:      state->supplyCount[curse] = 20;
    #####:   80:    }
        -:   81:  else
        -:   82:    {
    #####:   83:      state->supplyCount[curse] = 30;
        -:   84:    }
        -:   85:
        -:   86:  //set number of Victory cards
    #####:   87:  if (numPlayers == 2)
branch  0 never executed
branch  1 never executed
        -:   88:    {
    #####:   89:      state->supplyCount[estate] = 8;
    #####:   90:      state->supplyCount[duchy] = 8;
    #####:   91:      state->supplyCount[province] = 8;
    #####:   92:    }
        -:   93:  else
        -:   94:    {
    #####:   95:      state->supplyCount[estate] = 12;
    #####:   96:      state->supplyCount[duchy] = 12;
    #####:   97:      state->supplyCount[province] = 12;
        -:   98:    }
        -:   99:
        -:  100:  //set number of Treasure cards
    #####:  101:  state->supplyCount[copper] = 60 - (7 * numPlayers);
    #####:  102:  state->supplyCount[silver] = 40;
    #####:  103:  state->supplyCount[gold] = 30;
        -:  104:
        -:  105:  //set number of Kingdom cards
    #####:  106:  for (i = adventurer; i <= treasure_map; i++)       	//loop all cards
branch  0 never executed
branch  1 never executed
        -:  107:  {
    #####:  108:    for (j = 0; j < 10; j++)           		//loop chosen cards
branch  0 never executed
branch  1 never executed
        -:  109:  	{
    #####:  110:  	  if (kingdomCards[j] == i)
branch  0 never executed
branch  1 never executed
        -:  111:  	  {
        -:  112:  	    //check if card is a 'Victory' Kingdom card
    #####:  113:  	    if (kingdomCards[j] == great_hall || kingdomCards[j] == gardens)
branch  0 never executed
branch  1 never executed
branch  2 never executed
branch  3 never executed
        -:  114:  		  {
    #####:  115:  		    if (numPlayers == 2)
branch  0 never executed
branch  1 never executed
        -:  116:          {
    #####:  117:  		      state->supplyCount[i] = 8;
    #####:  118:  		    }
        -:  119:  		    else
        -:  120:          {
    #####:  121:            state->supplyCount[i] = 12;
        -:  122:          }
    #####:  123:  		  }
        -:  124:  	    else
        -:  125:  		  {
    #####:  126:  		    state->supplyCount[i] = 10;
        -:  127:  		  }
    #####:  128:  	    break;
        -:  129:  	  }
        -:  130:  	  else    //card is not in the set choosen for the game
        -:  131:  	  {
    #####:  132:  	    state->supplyCount[i] = -1;
        -:  133:  	  }
    #####:  134:  	}
    #####:  135:  }
        -:  136:
        -:  137:  ////////////////////////
        -:  138:  //supply intilization complete
        -:  139:
        -:  140:  //set player decks
    #####:  141:  for (i = 0; i < numPlayers; i++)
branch  0 never executed
branch  1 never executed
        -:  142:    {
    #####:  143:      state->deckCount[i] = 0;
    #####:  144:      for (j = 0; j < 3; j++)
branch  0 never executed
branch  1 never executed
        -:  145:	{
    #####:  146:	  state->deck[i][j] = estate;
    #####:  147:	  state->deckCount[i]++;
    #####:  148:	}
    #####:  149:      for (j = 3; j < 10; j++)
branch  0 never executed
branch  1 never executed
        -:  150:	{
    #####:  151:	  state->deck[i][j] = copper;
    #####:  152:	  state->deckCount[i]++;
    #####:  153:	}
    #####:  154:    }
        -:  155:
        -:  156:  //shuffle player decks
    #####:  157:  for (i = 0; i < numPlayers; i++)
branch  0 never executed
branch  1 never executed
        -:  158:    {
    #####:  159:      if ( shuffle(i, state) < 0 )
branch  0 never executed
branch  1 never executed
        -:  160:	{
    #####:  161:	  return -1;
        -:  162:	}
    #####:  163:    }
        -:  164:
        -:  165:  //draw player hands
    #####:  166:  for (i = 0; i < numPlayers; i++)
branch  0 never executed
branch  1 never executed
        -:  167:    {
        -:  168:      //initialize hand size to zero
    #####:  169:      state->handCount[i] = 0;
    #####:  170:      state->discardCount[i] = 0;
        -:  171:      //draw 5 cards
        -:  172:      // for (j = 0; j < 5; j++)
        -:  173:      //	{
        -:  174:      //	  drawCard(i, state);
        -:  175:      //	}
    #####:  176:    }
        -:  177:
        -:  178:  //set embargo tokens to 0 for all supply piles
    #####:  179:  for (i = 0; i <= treasure_map; i++)
branch  0 never executed
branch  1 never executed
        -:  180:    {
    #####:  181:      state->embargoTokens[i] = 0;
    #####:  182:    }
        -:  183:
        -:  184:  //initialize first player's turn
    #####:  185:  state->outpostPlayed = 0;
    #####:  186:  state->phase = 0;
    #####:  187:  state->numActions = 1;
    #####:  188:  state->numBuys = 1;
    #####:  189:  state->playedCardCount = 0;
    #####:  190:  state->whoseTurn = 0;
    #####:  191:  state->handCount[state->whoseTurn] = 0;
        -:  192:  //int it; move to top
        -:  193:
        -:  194:  //Moved draw cards to here, only drawing at the start of a turn
    #####:  195:  for (it = 0; it < 5; it++){
branch  0 never executed
branch  1 never executed
    #####:  196:    drawCard(state->whoseTurn, state);
    #####:  197:  }
        -:  198:
    #####:  199:  updateCoins(state->whoseTurn, state, 0);
        -:  200:
    #####:  201:  return 0;
    #####:  202:}
        -:  203:
function shuffle called 3861 returned 100% blocks executed 100%
        -:  204:int shuffle(int player, struct gameState *state) {
        -:  205:
        -:  206:
        -:  207:  int newDeck[MAX_DECK];
     3861:  208:  int newDeckPos = 0;
        -:  209:  int card;
        -:  210:  int i;
        -:  211:
     3861:  212:  if (state->deckCount[player] < 1)
branch  0 taken 66%
branch  1 taken 34%
     2547:  213:    return -1;
     1314:  214:  qsort ((void*)(state->deck[player]), state->deckCount[player], sizeof(int), compare);
        -:  215:  /* SORT CARDS IN DECK TO ENSURE DETERMINISM! */
        -:  216:
   344074:  217:  while (state->deckCount[player] > 0) {
branch  0 taken 99%
branch  1 taken 1%
   170723:  218:    card = floor(Random() * state->deckCount[player]);
   170723:  219:    newDeck[newDeckPos] = state->deck[player][card];
   170723:  220:    newDeckPos++;
 28452414:  221:    for (i = card; i < state->deckCount[player]-1; i++) {
branch  0 taken 99%
branch  1 taken 1%
 14055484:  222:      state->deck[player][i] = state->deck[player][i+1];
 14055484:  223:    }
   170723:  224:    state->deckCount[player]--;
        -:  225:  }
   344074:  226:  for (i = 0; i < newDeckPos; i++) {
branch  0 taken 99%
branch  1 taken 1%
   170723:  227:    state->deck[player][i] = newDeck[i];
   170723:  228:    state->deckCount[player]++;
   170723:  229:  }
        -:  230:
     1314:  231:  return 0;
     3861:  232:}
        -:  233:
function playCard called 0 returned 0% blocks executed 0%
        -:  234:int playCard(int handPos, int choice1, int choice2, int choice3, struct gameState *state)
        -:  235:{
        -:  236:  int card;
    #####:  237:  int coin_bonus = 0; 		//tracks coins gain from actions
        -:  238:
        -:  239:  //check if it is the right phase
    #####:  240:  if (state->phase != 0)
branch  0 never executed
branch  1 never executed
        -:  241:    {
    #####:  242:      return -1;
        -:  243:    }
        -:  244:
        -:  245:  //check if player has enough actions
    #####:  246:  if ( state->numActions < 1 )
branch  0 never executed
branch  1 never executed
        -:  247:    {
    #####:  248:      return -1;
        -:  249:    }
        -:  250:
        -:  251:  //get card played
    #####:  252:  card = handCard(handPos, state);
        -:  253:
        -:  254:  //check if selected card is an action
    #####:  255:  if ( card < adventurer || card > treasure_map )
branch  0 never executed
branch  1 never executed
branch  2 never executed
branch  3 never executed
        -:  256:    {
    #####:  257:      return -1;
        -:  258:    }
        -:  259:
        -:  260:  //play card
    #####:  261:  if ( cardEffect(card, choice1, choice2, choice3, state, handPos, &coin_bonus) < 0 )
branch  0 never executed
branch  1 never executed
        -:  262:    {
    #####:  263:      return -1;
        -:  264:    }
        -:  265:
        -:  266:  //reduce number of actions
    #####:  267:  state->numActions--;
        -:  268:
        -:  269:  //update coins (Treasure cards may be added with card draws)
    #####:  270:  updateCoins(state->whoseTurn, state, coin_bonus);
        -:  271:
    #####:  272:  return 0;
    #####:  273:}
        -:  274:
function buyCard called 0 returned 0% blocks executed 0%
        -:  275:int buyCard(int supplyPos, struct gameState *state) {
        -:  276:  int who;
        -:  277:  if (DEBUG){
        -:  278:    printf("Entering buyCard...\n");
        -:  279:  }
        -:  280:
        -:  281:  // I don't know what to do about the phase thing.
        -:  282:
    #####:  283:  who = state->whoseTurn;
        -:  284:
    #####:  285:  if (state->numBuys < 1){
branch  0 never executed
branch  1 never executed
        -:  286:    if (DEBUG)
        -:  287:      printf("You do not have any buys left\n");
    #####:  288:    return -1;
    #####:  289:  } else if (supplyCount(supplyPos, state) <1){
branch  0 never executed
branch  1 never executed
        -:  290:    if (DEBUG)
        -:  291:      printf("There are not any of that type of card left\n");
    #####:  292:    return -1;
    #####:  293:  } else if (state->coins < getCost(supplyPos)){
branch  0 never executed
branch  1 never executed
        -:  294:    if (DEBUG)
        -:  295:      printf("You do not have enough money to buy that. You have %d coins.\n", state->coins);
    #####:  296:    return -1;
        -:  297:  } else {
    #####:  298:    state->phase=1;
        -:  299:    //state->supplyCount[supplyPos]--;
    #####:  300:    gainCard(supplyPos, state, 0, who); //card goes in discard, this might be wrong.. (2 means goes into hand, 0 goes into discard)
        -:  301:
    #####:  302:    state->coins = (state->coins) - (getCost(supplyPos));
    #####:  303:    state->numBuys--;
        -:  304:    if (DEBUG)
        -:  305:      printf("You bought card number %d for %d coins. You now have %d buys and %d coins.\n", supplyPos, getCost(supplyPos), state->numBuys, state->coins);
        -:  306:  }
        -:  307:
        -:  308:  //state->discard[who][state->discardCount[who]] = supplyPos;
        -:  309:  //state->discardCount[who]++;
        -:  310:
    #####:  311:  return 0;
    #####:  312:}
        -:  313:
function numHandCards called 0 returned 0% blocks executed 0%
        -:  314:int numHandCards(struct gameState *state) {
    #####:  315:  return state->handCount[ whoseTurn(state) ];
        -:  316:}
        -:  317:
function handCard called 0 returned 0% blocks executed 0%
        -:  318:int handCard(int handPos, struct gameState *state) {
    #####:  319:  int currentPlayer = whoseTurn(state);
    #####:  320:  return state->hand[currentPlayer][handPos];
        -:  321:}
        -:  322:
function supplyCount called 0 returned 0% blocks executed 0%
        -:  323:int supplyCount(int card, struct gameState *state) {
    #####:  324:  return state->supplyCount[card];
        -:  325:}
        -:  326:
function fullDeckCount called 0 returned 0% blocks executed 0%
        -:  327:int fullDeckCount(int player, int card, struct gameState *state) {
        -:  328:  int i;
    #####:  329:  int count = 0;
        -:  330:
    #####:  331:  for (i = 0; i < state->deckCount[player]; i++)
branch  0 never executed
branch  1 never executed
        -:  332:    {
    #####:  333:      if (state->deck[player][i] == card) count++;
branch  0 never executed
branch  1 never executed
    #####:  334:    }
        -:  335:
    #####:  336:  for (i = 0; i < state->handCount[player]; i++)
branch  0 never executed
branch  1 never executed
        -:  337:    {
    #####:  338:      if (state->hand[player][i] == card) count++;
branch  0 never executed
branch  1 never executed
    #####:  339:    }
        -:  340:
    #####:  341:  for (i = 0; i < state->discardCount[player]; i++)
branch  0 never executed
branch  1 never executed
        -:  342:    {
    #####:  343:      if (state->discard[player][i] == card) count++;
branch  0 never executed
branch  1 never executed
    #####:  344:    }
        -:  345:
    #####:  346:  return count;
        -:  347:}
        -:  348:
function whoseTurn called 6000 returned 100% blocks executed 100%
        -:  349:int whoseTurn(struct gameState *state) {
     6000:  350:  return state->whoseTurn;
        -:  351:}
        -:  352:
function endTurn called 0 returned 0% blocks executed 0%
        -:  353:int endTurn(struct gameState *state) {
        -:  354:  int k;
        -:  355:  int i;
    #####:  356:  int currentPlayer = whoseTurn(state);
        -:  357:
        -:  358:  //Discard hand
    #####:  359:  for (i = 0; i < state->handCount[currentPlayer]; i++){
branch  0 never executed
branch  1 never executed
    #####:  360:    state->discard[currentPlayer][state->discardCount[currentPlayer]++] = state->hand[currentPlayer][i];//Discard
    #####:  361:    state->hand[currentPlayer][i] = -1;//Set card to -1
    #####:  362:  }
    #####:  363:  state->handCount[currentPlayer] = 0;//Reset hand count
        -:  364:
        -:  365:  //Code for determining the player
    #####:  366:  if (currentPlayer < (state->numPlayers - 1)){
branch  0 never executed
branch  1 never executed
    #####:  367:    state->whoseTurn = currentPlayer + 1;//Still safe to increment
    #####:  368:  }
        -:  369:  else{
    #####:  370:    state->whoseTurn = 0;//Max player has been reached, loop back around to player 1
        -:  371:  }
        -:  372:
    #####:  373:  state->outpostPlayed = 0;
    #####:  374:  state->phase = 0;
    #####:  375:  state->numActions = 1;
    #####:  376:  state->coins = 0;
    #####:  377:  state->numBuys = 1;
    #####:  378:  state->playedCardCount = 0;
    #####:  379:  state->handCount[state->whoseTurn] = 0;
        -:  380:
        -:  381:  //int k; move to top
        -:  382:  //Next player draws hand
    #####:  383:  for (k = 0; k < 5; k++){
branch  0 never executed
branch  1 never executed
    #####:  384:    drawCard(state->whoseTurn, state);//Draw a card
    #####:  385:  }
        -:  386:
        -:  387:  //Update money
    #####:  388:  updateCoins(state->whoseTurn, state , 0);
        -:  389:
    #####:  390:  return 0;
        -:  391:}
        -:  392:
function isGameOver called 0 returned 0% blocks executed 0%
        -:  393:int isGameOver(struct gameState *state) {
        -:  394:  int i;
        -:  395:  int j;
        -:  396:
        -:  397:  //if stack of Province cards is empty, the game ends
    #####:  398:  if (state->supplyCount[province] == 0)
branch  0 never executed
branch  1 never executed
        -:  399:    {
    #####:  400:      return 1;
        -:  401:    }
        -:  402:
        -:  403:  //if three supply pile are at 0, the game ends
    #####:  404:  j = 0;
    #####:  405:  for (i = 0; i < 25; i++)
branch  0 never executed
branch  1 never executed
        -:  406:    {
    #####:  407:      if (state->supplyCount[i] == 0)
branch  0 never executed
branch  1 never executed
        -:  408:	{
    #####:  409:	  j++;
    #####:  410:	}
    #####:  411:    }
    #####:  412:  if ( j >= 3)
branch  0 never executed
branch  1 never executed
        -:  413:    {
    #####:  414:      return 1;
        -:  415:    }
        -:  416:
    #####:  417:  return 0;
    #####:  418:}
        -:  419:
function scoreFor called 0 returned 0% blocks executed 0%
        -:  420:int scoreFor (int player, struct gameState *state) {
        -:  421:
        -:  422:  int i;
    #####:  423:  int score = 0;
        -:  424:  //score from hand
    #####:  425:  for (i = 0; i < state->handCount[player]; i++)
branch  0 never executed
branch  1 never executed
        -:  426:    {
    #####:  427:      if (state->hand[player][i] == curse) { score = score - 1; };
branch  0 never executed
branch  1 never executed
    #####:  428:      if (state->hand[player][i] == estate) { score = score + 1; };
branch  0 never executed
branch  1 never executed
    #####:  429:      if (state->hand[player][i] == duchy) { score = score + 3; };
branch  0 never executed
branch  1 never executed
    #####:  430:      if (state->hand[player][i] == province) { score = score + 6; };
branch  0 never executed
branch  1 never executed
    #####:  431:      if (state->hand[player][i] == great_hall) { score = score + 1; };
branch  0 never executed
branch  1 never executed
    #####:  432:      if (state->hand[player][i] == gardens) { score = score + ( fullDeckCount(player, 0, state) / 10 ); };
branch  0 never executed
branch  1 never executed
    #####:  433:    }
        -:  434:
        -:  435:  //score from discard
    #####:  436:  for (i = 0; i < state->discardCount[player]; i++)
branch  0 never executed
branch  1 never executed
        -:  437:    {
    #####:  438:      if (state->discard[player][i] == curse) { score = score - 1; };
branch  0 never executed
branch  1 never executed
    #####:  439:      if (state->discard[player][i] == estate) { score = score + 1; };
branch  0 never executed
branch  1 never executed
    #####:  440:      if (state->discard[player][i] == duchy) { score = score + 3; };
branch  0 never executed
branch  1 never executed
    #####:  441:      if (state->discard[player][i] == province) { score = score + 6; };
branch  0 never executed
branch  1 never executed
    #####:  442:      if (state->discard[player][i] == great_hall) { score = score + 1; };
branch  0 never executed
branch  1 never executed
    #####:  443:      if (state->discard[player][i] == gardens) { score = score + ( fullDeckCount(player, 0, state) / 10 ); };
branch  0 never executed
branch  1 never executed
    #####:  444:    }
        -:  445:
        -:  446:  //score from deck
    #####:  447:  for (i = 0; i < state->discardCount[player]; i++)
branch  0 never executed
branch  1 never executed
        -:  448:    {
    #####:  449:      if (state->deck[player][i] == curse) { score = score - 1; };
branch  0 never executed
branch  1 never executed
    #####:  450:      if (state->deck[player][i] == estate) { score = score + 1; };
branch  0 never executed
branch  1 never executed
    #####:  451:      if (state->deck[player][i] == duchy) { score = score + 3; };
branch  0 never executed
branch  1 never executed
    #####:  452:      if (state->deck[player][i] == province) { score = score + 6; };
branch  0 never executed
branch  1 never executed
    #####:  453:      if (state->deck[player][i] == great_hall) { score = score + 1; };
branch  0 never executed
branch  1 never executed
    #####:  454:      if (state->deck[player][i] == gardens) { score = score + ( fullDeckCount(player, 0, state) / 10 ); };
branch  0 never executed
branch  1 never executed
    #####:  455:    }
        -:  456:
    #####:  457:  return score;
        -:  458:}
        -:  459:
function getWinners called 0 returned 0% blocks executed 0%
        -:  460:int getWinners(int players[MAX_PLAYERS], struct gameState *state) {
        -:  461:  int i;
        -:  462:  int j;
        -:  463:  int highScore;
        -:  464:  int currentPlayer;
        -:  465:
        -:  466:  //get score for each player
    #####:  467:  for (i = 0; i < MAX_PLAYERS; i++)
branch  0 never executed
branch  1 never executed
        -:  468:    {
        -:  469:      //set unused player scores to -9999
    #####:  470:      if (i >= state->numPlayers)
branch  0 never executed
branch  1 never executed
        -:  471:	{
    #####:  472:	  players[i] = -9999;
    #####:  473:	}
        -:  474:      else
        -:  475:	{
    #####:  476:	  players[i] = scoreFor (i, state);
        -:  477:	}
    #####:  478:    }
        -:  479:
        -:  480:  //find highest score
    #####:  481:  j = 0;
    #####:  482:  for (i = 0; i < MAX_PLAYERS; i++)
branch  0 never executed
branch  1 never executed
        -:  483:    {
    #####:  484:      if (players[i] > players[j])
branch  0 never executed
branch  1 never executed
        -:  485:	{
    #####:  486:	  j = i;
    #####:  487:	}
    #####:  488:    }
    #####:  489:  highScore = players[j];
        -:  490:
        -:  491:  //add 1 to players who had less turns
    #####:  492:  currentPlayer = whoseTurn(state);
    #####:  493:  for (i = 0; i < MAX_PLAYERS; i++)
branch  0 never executed
branch  1 never executed
        -:  494:    {
    #####:  495:      if ( players[i] == highScore && i > currentPlayer )
branch  0 never executed
branch  1 never executed
branch  2 never executed
branch  3 never executed
        -:  496:	{
    #####:  497:	  players[i]++;
    #####:  498:	}
    #####:  499:    }
        -:  500:
        -:  501:  //find new highest score
    #####:  502:  j = 0;
    #####:  503:  for (i = 0; i < MAX_PLAYERS; i++)
branch  0 never executed
branch  1 never executed
        -:  504:    {
    #####:  505:      if ( players[i] > players[j] )
branch  0 never executed
branch  1 never executed
        -:  506:	{
    #####:  507:	  j = i;
    #####:  508:	}
    #####:  509:    }
    #####:  510:  highScore = players[j];
        -:  511:
        -:  512:  //set winners in array to 1 and rest to 0
    #####:  513:  for (i = 0; i < MAX_PLAYERS; i++)
branch  0 never executed
branch  1 never executed
        -:  514:    {
    #####:  515:      if ( players[i] == highScore )
branch  0 never executed
branch  1 never executed
        -:  516:	{
    #####:  517:	  players[i] = 1;
    #####:  518:	}
        -:  519:      else
        -:  520:	{
    #####:  521:	  players[i] = 0;
        -:  522:	}
    #####:  523:    }
        -:  524:
    #####:  525:  return 0;
        -:  526:}
        -:  527:
function drawCard called 211475 returned 100% blocks executed 100%
        -:  528:int drawCard(int player, struct gameState *state)
        -:  529:{	int count;
        -:  530:  int deckCounter;
        -:  531:
        -:  532:  //Deck is empty
   211475:  533:  if (state->deckCount[player] <= 0)
branch  0 taken 1%
branch  1 taken 99%
        -:  534:  {
        -:  535:    //Step 1 Shuffle the discard pile back into a deck
        -:  536:    int i;
        -:  537:
        -:  538:    //Move discard to deck
   345318:  539:    for (i = 0; i < state->discardCount[player];i++)
branch  0 taken 99%
branch  1 taken 1%
        -:  540:    {
   170723:  541:      state->deck[player][i] = state->discard[player][i];
   170723:  542:      state->discard[player][i] = -1;
   170723:  543:    }
        -:  544:
     1936:  545:    state->deckCount[player] = state->discardCount[player];
     1936:  546:    state->discardCount[player] = 0;//Reset discard
        -:  547:
        -:  548:    //Shufffle the deck
     1936:  549:    shuffle(player, state);//Shuffle the deck up and make it so that we can draw
        -:  550:
        -:  551:    //if (DEBUG){//Debug statements
        -:  552:      //printf("Deck count now: %d\n", state->deckCount[player]);
        -:  553:    //}
        -:  554:
     1936:  555:    state->discardCount[player] = 0;
        -:  556:
        -:  557:    //Step 2 Draw Card
     1936:  558:    count = state->handCount[player];//Get current player's hand count
        -:  559:
        -:  560:    //if (DEBUG){//Debug statements
        -:  561:      //printf("Current hand count: %d\n", count);
        -:  562:    //}
        -:  563:
     1936:  564:    deckCounter = state->deckCount[player];//Create a holder for the deck count
        -:  565:
     1936:  566:    if (deckCounter == 0)
branch  0 taken 32%
branch  1 taken 68%
      622:  567:      return -1;
        -:  568:
     1314:  569:    state->hand[player][count] = state->deck[player][deckCounter - 1];//Add card to hand
     1314:  570:    state->deckCount[player]--;
     1314:  571:    state->handCount[player]++;//Increment hand count
     1314:  572:  }
        -:  573:
        -:  574:  else{
   209539:  575:    int count = state->handCount[player];//Get current hand count for player
        -:  576:    int deckCounter;
        -:  577:    //if (DEBUG){//Debug statements
        -:  578:      //printf("Current hand count: %d\n", count);
        -:  579:    //}
        -:  580:
   209539:  581:    deckCounter = state->deckCount[player];//Create holder for the deck count
   209539:  582:    state->hand[player][count] = state->deck[player][deckCounter - 1];//Add card to the hand
   209539:  583:    state->deckCount[player]--;
   209539:  584:    state->handCount[player]++;//Increment hand count
        -:  585:  }
        -:  586:
   210853:  587:  return 0;
   211475:  588:}
        -:  589:
function getCost called 0 returned 0% blocks executed 0%
        -:  590:int getCost(int cardNumber)
        -:  591:{
    #####:  592:  switch( cardNumber )
branch  0 never executed
branch  1 never executed
branch  2 never executed
branch  3 never executed
branch  4 never executed
branch  5 never executed
branch  6 never executed
branch  7 never executed
branch  8 never executed
branch  9 never executed
branch 10 never executed
branch 11 never executed
branch 12 never executed
branch 13 never executed
branch 14 never executed
branch 15 never executed
branch 16 never executed
branch 17 never executed
branch 18 never executed
branch 19 never executed
branch 20 never executed
branch 21 never executed
branch 22 never executed
branch 23 never executed
branch 24 never executed
branch 25 never executed
branch 26 never executed
branch 27 never executed
        -:  593:    {
        -:  594:    case curse:
    #####:  595:      return 0;
        -:  596:    case estate:
    #####:  597:      return 2;
        -:  598:    case duchy:
    #####:  599:      return 5;
        -:  600:    case province:
    #####:  601:      return 8;
        -:  602:    case copper:
    #####:  603:      return 0;
        -:  604:    case silver:
    #####:  605:      return 3;
        -:  606:    case gold:
    #####:  607:      return 6;
        -:  608:    case adventurer:
    #####:  609:      return 6;
        -:  610:    case council_room:
    #####:  611:      return 5;
        -:  612:    case feast:
    #####:  613:      return 4;
        -:  614:    case gardens:
    #####:  615:      return 4;
        -:  616:    case mine:
    #####:  617:      return 5;
        -:  618:    case remodel:
    #####:  619:      return 4;
        -:  620:    case smithy:
    #####:  621:      return 4;
        -:  622:    case village:
    #####:  623:      return 3;
        -:  624:    case baron:
    #####:  625:      return 4;
        -:  626:    case great_hall:
    #####:  627:      return 3;
        -:  628:    case minion:
    #####:  629:      return 5;
        -:  630:    case steward:
    #####:  631:      return 3;
        -:  632:    case tribute:
    #####:  633:      return 5;
        -:  634:    case ambassador:
    #####:  635:      return 3;
        -:  636:    case cutpurse:
    #####:  637:      return 4;
        -:  638:    case embargo:
    #####:  639:      return 2;
        -:  640:    case outpost:
    #####:  641:      return 5;
        -:  642:    case salvager:
    #####:  643:      return 4;
        -:  644:    case sea_hag:
    #####:  645:      return 4;
        -:  646:    case treasure_map:
    #####:  647:      return 4;
        -:  648:    }
        -:  649:
    #####:  650:  return -1;
    #####:  651:}
        -:  652:
function cardEffect called 6000 returned 100% blocks executed 6%
        -:  653:int cardEffect(int card, int choice1, int choice2, int choice3, struct gameState *state, int handPos, int *bonus)
        -:  654:{
        -:  655:  int i;
        -:  656:  int j;
        -:  657:  int k;
        -:  658:  int x;
        -:  659:  int index;
     6000:  660:  int currentPlayer = whoseTurn(state);
     6000:  661:  int nextPlayer = currentPlayer + 1;
        -:  662:
     6000:  663:  int tributeRevealedCards[2] = {-1, -1};
        -:  664:  int temphand[MAX_HAND];// moved above the if statement
     6000:  665:  int drawntreasure=0;
     6000:  666:  int cardDrawn = -1; // initialized to -1
     6000:  667:  int z = 0;// this is the counter for the temp hand
     6000:  668:  if (nextPlayer > (state->numPlayers - 1)){
branch  0 taken 50%
branch  1 taken 50%
     2986:  669:    nextPlayer = 0;
     2986:  670:  }
        -:  671:
        -:  672:  //uses switch to select card and perform actions
     6000:  673:  switch( card )
branch  0 taken 33%
branch  1 taken 0%
branch  2 taken 0%
branch  3 taken 0%
branch  4 taken 0%
branch  5 taken 0%
branch  6 taken 33%
branch  7 taken 0%
branch  8 taken 0%
branch  9 taken 0%
branch 10 taken 0%
branch 11 taken 33%
branch 12 taken 0%
branch 13 taken 0%
branch 14 taken 0%
branch 15 taken 0%
branch 16 taken 0%
branch 17 taken 0%
branch 18 taken 0%
branch 19 taken 0%
branch 20 taken 0%
        -:  674:    {
        -:  675:    case adventurer:
     2000:  676:      refAdventurer(state, currentPlayer, drawntreasure, temphand, cardDrawn, z);
     2000:  677:      return 0;
        -:  678:
        -:  679:    case council_room:
    #####:  680:      refCouncilRoom(state, currentPlayer, handPos);
    #####:  681:      return 0;
        -:  682:
        -:  683:    case feast:
        -:  684:      //gain card with cost up to 5
        -:  685:      //Backup hand
    #####:  686:      for (i = 0; i <= state->handCount[currentPlayer]; i++){
branch  0 never executed
branch  1 never executed
    #####:  687:	temphand[i] = state->hand[currentPlayer][i];//Backup card
    #####:  688:	state->hand[currentPlayer][i] = -1;//Set to nothing
    #####:  689:      }
        -:  690:      //Backup hand
        -:  691:
        -:  692:      //Update Coins for Buy
    #####:  693:      updateCoins(currentPlayer, state, 5);
    #####:  694:      x = 1;//Condition to loop on
    #####:  695:      while( x == 1) {//Buy one card
branch  0 never executed
branch  1 never executed
    #####:  696:	if (supplyCount(choice1, state) <= 0){
branch  0 never executed
branch  1 never executed
        -:  697:	  if (DEBUG)
        -:  698:	    printf("None of that card left, sorry!\n");
        -:  699:
        -:  700:	  if (DEBUG){
        -:  701:	    printf("Cards Left: %d\n", supplyCount(choice1, state));
        -:  702:	  }
    #####:  703:	}
    #####:  704:	else if (state->coins < getCost(choice1)){
branch  0 never executed
branch  1 never executed
    #####:  705:	  printf("That card is too expensive!\n");
        -:  706:
        -:  707:	  if (DEBUG){
        -:  708:	    printf("Coins: %d < %d\n", state->coins, getCost(choice1));
        -:  709:	  }
    #####:  710:	}
        -:  711:	else{
        -:  712:
        -:  713:	  if (DEBUG){
        -:  714:	    printf("Deck Count: %d\n", state->handCount[currentPlayer] + state->deckCount[currentPlayer] + state->discardCount[currentPlayer]);
        -:  715:	  }
        -:  716:
    #####:  717:	  gainCard(choice1, state, 0, currentPlayer);//Gain the card
    #####:  718:	  x = 0;//No more buying cards
        -:  719:
        -:  720:	  if (DEBUG){
        -:  721:	    printf("Deck Count: %d\n", state->handCount[currentPlayer] + state->deckCount[currentPlayer] + state->discardCount[currentPlayer]);
        -:  722:	  }
        -:  723:
        -:  724:	}
        -:  725:      }
        -:  726:
        -:  727:      //Reset Hand
    #####:  728:      for (i = 0; i <= state->handCount[currentPlayer]; i++){
branch  0 never executed
branch  1 never executed
    #####:  729:	state->hand[currentPlayer][i] = temphand[i];
    #####:  730:	temphand[i] = -1;
    #####:  731:      }
        -:  732:      //Reset Hand
        -:  733:
    #####:  734:      return 0;
        -:  735:
        -:  736:    case gardens:
    #####:  737:      return -1;
        -:  738:
        -:  739:    case mine:
    #####:  740:      j = state->hand[currentPlayer][choice1];  //store card we will trash
        -:  741:
    #####:  742:      if (state->hand[currentPlayer][choice1] < copper || state->hand[currentPlayer][choice1] > gold)
branch  0 never executed
branch  1 never executed
branch  2 never executed
branch  3 never executed
        -:  743:	{
    #####:  744:	  return -1;
        -:  745:	}
        -:  746:
    #####:  747:      if (choice2 > treasure_map || choice2 < curse)
branch  0 never executed
branch  1 never executed
branch  2 never executed
branch  3 never executed
        -:  748:	{
    #####:  749:	  return -1;
        -:  750:	}
        -:  751:
    #####:  752:      if ( (getCost(state->hand[currentPlayer][choice1]) + 3) > getCost(choice2) )
branch  0 never executed
branch  1 never executed
        -:  753:	{
    #####:  754:	  return -1;
        -:  755:	}
        -:  756:
    #####:  757:      gainCard(choice2, state, 2, currentPlayer);
        -:  758:
        -:  759:      //discard card from hand
    #####:  760:      discardCard(handPos, currentPlayer, state, 0);
        -:  761:
        -:  762:      //discard trashed card
    #####:  763:      for (i = 0; i < state->handCount[currentPlayer]; i++)
branch  0 never executed
branch  1 never executed
        -:  764:	{
    #####:  765:	  if (state->hand[currentPlayer][i] == j)
branch  0 never executed
branch  1 never executed
        -:  766:	    {
    #####:  767:	      discardCard(i, currentPlayer, state, 0);
    #####:  768:	      break;
        -:  769:	    }
    #####:  770:	}
        -:  771:
    #####:  772:      return 0;
        -:  773:
        -:  774:    case remodel:
    #####:  775:      j = state->hand[currentPlayer][choice1];  //store card we will trash
        -:  776:
    #####:  777:      if ( (getCost(state->hand[currentPlayer][choice1]) + 2) > getCost(choice2) )
branch  0 never executed
branch  1 never executed
        -:  778:	{
    #####:  779:	  return -1;
        -:  780:	}
        -:  781:
    #####:  782:      gainCard(choice2, state, 0, currentPlayer);
        -:  783:
        -:  784:      //discard card from hand
    #####:  785:      discardCard(handPos, currentPlayer, state, 0);
        -:  786:
        -:  787:      //discard trashed card
    #####:  788:      for (i = 0; i < state->handCount[currentPlayer]; i++)
branch  0 never executed
branch  1 never executed
        -:  789:	{
    #####:  790:	  if (state->hand[currentPlayer][i] == j)
branch  0 never executed
branch  1 never executed
        -:  791:	    {
    #####:  792:	      discardCard(i, currentPlayer, state, 0);
    #####:  793:	      break;
        -:  794:	    }
    #####:  795:	}
        -:  796:
        -:  797:
    #####:  798:      return 0;
        -:  799:
        -:  800:    case smithy:
     2000:  801:      refSmithy(state, currentPlayer, handPos);
     2000:  802:      return 0;
        -:  803:
        -:  804:    case village:
        -:  805:      //+1 Card
    #####:  806:      drawCard(currentPlayer, state);
        -:  807:
        -:  808:      //+2 Actions
    #####:  809:      state->numActions = state->numActions + 2;
        -:  810:
        -:  811:      //discard played card from hand
    #####:  812:      discardCard(handPos, currentPlayer, state, 0);
    #####:  813:      return 0;
        -:  814:
        -:  815:    case baron:
    #####:  816:      state->numBuys++;//Increase buys by 1!
    #####:  817:      if (choice1 > 0){//Boolean true or going to discard an estate
branch  0 never executed
branch  1 never executed
    #####:  818:	int p = 0;//Iterator for hand!
    #####:  819:	int card_not_discarded = 1;//Flag for discard set!
    #####:  820:	while(card_not_discarded){
branch  0 never executed
branch  1 never executed
    #####:  821:	  if (state->hand[currentPlayer][p] == estate){//Found an estate card!
branch  0 never executed
branch  1 never executed
    #####:  822:	    state->coins += 4;//Add 4 coins to the amount of coins
    #####:  823:	    state->discard[currentPlayer][state->discardCount[currentPlayer]] = state->hand[currentPlayer][p];
    #####:  824:	    state->discardCount[currentPlayer]++;
    #####:  825:	    for (;p < state->handCount[currentPlayer]; p++){
branch  0 never executed
branch  1 never executed
    #####:  826:	      state->hand[currentPlayer][p] = state->hand[currentPlayer][p+1];
    #####:  827:	    }
    #####:  828:	    state->hand[currentPlayer][state->handCount[currentPlayer]] = -1;
    #####:  829:	    state->handCount[currentPlayer]--;
    #####:  830:	    card_not_discarded = 0;//Exit the loop
    #####:  831:	  }
    #####:  832:	  else if (p > state->handCount[currentPlayer]){
branch  0 never executed
branch  1 never executed
        -:  833:	    if(DEBUG) {
        -:  834:	      printf("No estate cards in your hand, invalid choice\n");
        -:  835:	      printf("Must gain an estate if there are any\n");
        -:  836:	    }
    #####:  837:	    if (supplyCount(estate, state) > 0){
branch  0 never executed
branch  1 never executed
    #####:  838:	      gainCard(estate, state, 0, currentPlayer);
    #####:  839:	      state->supplyCount[estate]--;//Decrement estates
    #####:  840:	      if (supplyCount(estate, state) == 0){
branch  0 never executed
branch  1 never executed
    #####:  841:		isGameOver(state);
    #####:  842:	      }
    #####:  843:	    }
    #####:  844:	    card_not_discarded = 0;//Exit the loop
    #####:  845:	  }
        -:  846:
        -:  847:	  else{
    #####:  848:	    p++;//Next card
        -:  849:	  }
        -:  850:	}
    #####:  851:      }
        -:  852:
        -:  853:      else{
    #####:  854:	if (supplyCount(estate, state) > 0){
branch  0 never executed
branch  1 never executed
    #####:  855:	  gainCard(estate, state, 0, currentPlayer);//Gain an estate
    #####:  856:	  state->supplyCount[estate]--;//Decrement Estates
    #####:  857:	  if (supplyCount(estate, state) == 0){
branch  0 never executed
branch  1 never executed
    #####:  858:	    isGameOver(state);
    #####:  859:	  }
    #####:  860:	}
        -:  861:      }
        -:  862:
        -:  863:
    #####:  864:      return 0;
        -:  865:
        -:  866:    case great_hall:
    #####:  867:      refGreatHall(state, currentPlayer, handPos);
    #####:  868:      return 0;
        -:  869:
        -:  870:    case minion:
        -:  871:      //+1 action
    #####:  872:      state->numActions++;
        -:  873:
        -:  874:      //discard card from hand
    #####:  875:      discardCard(handPos, currentPlayer, state, 0);
        -:  876:
    #####:  877:      if (choice1)		//+2 coins
branch  0 never executed
branch  1 never executed
        -:  878:	{
    #####:  879:	  state->coins = state->coins + 2;
    #####:  880:	}
        -:  881:
    #####:  882:      else if (choice2)		//discard hand, redraw 4, other players with 5+ cards discard hand and draw 4
branch  0 never executed
branch  1 never executed
        -:  883:	{
        -:  884:	  //discard hand
    #####:  885:	  while(numHandCards(state) > 0)
branch  0 never executed
branch  1 never executed
        -:  886:	    {
    #####:  887:	      discardCard(handPos, currentPlayer, state, 0);
        -:  888:	    }
        -:  889:
        -:  890:	  //draw 4
    #####:  891:	  for (i = 0; i < 4; i++)
branch  0 never executed
branch  1 never executed
        -:  892:	    {
    #####:  893:	      drawCard(currentPlayer, state);
    #####:  894:	    }
        -:  895:
        -:  896:	  //other players discard hand and redraw if hand size > 4
    #####:  897:	  for (i = 0; i < state->numPlayers; i++)
branch  0 never executed
branch  1 never executed
        -:  898:	    {
    #####:  899:	      if (i != currentPlayer)
branch  0 never executed
branch  1 never executed
        -:  900:		{
    #####:  901:		  if ( state->handCount[i] > 4 )
branch  0 never executed
branch  1 never executed
        -:  902:		    {
        -:  903:		      //discard hand
    #####:  904:		      while( state->handCount[i] > 0 )
branch  0 never executed
branch  1 never executed
        -:  905:			{
    #####:  906:			  discardCard(handPos, i, state, 0);
        -:  907:			}
        -:  908:
        -:  909:		      //draw 4
    #####:  910:		      for (j = 0; j < 4; j++)
branch  0 never executed
branch  1 never executed
        -:  911:			{
    #####:  912:			  drawCard(i, state);
    #####:  913:			}
    #####:  914:		    }
    #####:  915:		}
    #####:  916:	    }
        -:  917:
    #####:  918:	}
    #####:  919:      return 0;
        -:  920:
        -:  921:    case steward:
     2000:  922:      if (choice1 == 1)
branch  0 taken 32%
branch  1 taken 68%
        -:  923:	    {
        -:  924:	       //+2 cards
      645:  925:	       drawCard(currentPlayer, state);
      645:  926:	       drawCard(currentPlayer, state);
      645:  927:	    }
     1355:  928:      else if (choice1 == 2)
branch  0 taken 49%
branch  1 taken 51%
        -:  929:	    {
        -:  930:	       //+2 coins
      660:  931:	       state->coins = state->coins + 2;
      660:  932:	    }
        -:  933:      else
        -:  934:	    {
        -:  935:	       //trash 2 cards in hand
      695:  936:	       discardCard(choice2, currentPlayer, state, 1);
      695:  937:	       discardCard(choice3, currentPlayer, state, 1);
        -:  938:	    }
        -:  939:
        -:  940:      //discard card from hand
     2000:  941:      discardCard(handPos, currentPlayer, state, 0);
     2000:  942:      return 0;
        -:  943:
        -:  944:    case tribute:
    #####:  945:      if ((state->discardCount[nextPlayer] + state->deckCount[nextPlayer]) <= 1){
branch  0 never executed
branch  1 never executed
    #####:  946:	if (state->deckCount[nextPlayer] > 0){
branch  0 never executed
branch  1 never executed
    #####:  947:	  tributeRevealedCards[0] = state->deck[nextPlayer][state->deckCount[nextPlayer]-1];
    #####:  948:	  state->deckCount[nextPlayer]--;
    #####:  949:	}
    #####:  950:	else if (state->discardCount[nextPlayer] > 0){
branch  0 never executed
branch  1 never executed
    #####:  951:	  tributeRevealedCards[0] = state->discard[nextPlayer][state->discardCount[nextPlayer]-1];
    #####:  952:	  state->discardCount[nextPlayer]--;
    #####:  953:	}
        -:  954:	else{
        -:  955:	  //No Card to Reveal
        -:  956:	  if (DEBUG){
        -:  957:	    printf("No cards to reveal\n");
        -:  958:	  }
        -:  959:	}
    #####:  960:      }
        -:  961:
        -:  962:      else{
    #####:  963:	if (state->deckCount[nextPlayer] == 0){
branch  0 never executed
branch  1 never executed
    #####:  964:	  for (i = 0; i < state->discardCount[nextPlayer]; i++){
branch  0 never executed
branch  1 never executed
    #####:  965:	    state->deck[nextPlayer][i] = state->discard[nextPlayer][i];//Move to deck
    #####:  966:	    state->deckCount[nextPlayer]++;
    #####:  967:	    state->discard[nextPlayer][i] = -1;
    #####:  968:	    state->discardCount[nextPlayer]--;
    #####:  969:	  }
        -:  970:
    #####:  971:	  shuffle(nextPlayer,state);//Shuffle the deck
    #####:  972:	}
    #####:  973:	tributeRevealedCards[0] = state->deck[nextPlayer][state->deckCount[nextPlayer]-1];
    #####:  974:	state->deck[nextPlayer][state->deckCount[nextPlayer]--] = -1;
    #####:  975:	state->deckCount[nextPlayer]--;
    #####:  976:	tributeRevealedCards[1] = state->deck[nextPlayer][state->deckCount[nextPlayer]-1];
    #####:  977:	state->deck[nextPlayer][state->deckCount[nextPlayer]--] = -1;
    #####:  978:	state->deckCount[nextPlayer]--;
        -:  979:      }
        -:  980:
    #####:  981:      if (tributeRevealedCards[0] == tributeRevealedCards[1]){//If we have a duplicate card, just drop one
branch  0 never executed
branch  1 never executed
    #####:  982:	state->playedCards[state->playedCardCount] = tributeRevealedCards[1];
    #####:  983:	state->playedCardCount++;
    #####:  984:	tributeRevealedCards[1] = -1;
    #####:  985:      }
        -:  986:
    #####:  987:      for (i = 0; i <= 2; i ++){
branch  0 never executed
branch  1 never executed
    #####:  988:	if (tributeRevealedCards[i] == copper || tributeRevealedCards[i] == silver || tributeRevealedCards[i] == gold){//Treasure cards
branch  0 never executed
branch  1 never executed
branch  2 never executed
branch  3 never executed
branch  4 never executed
branch  5 never executed
    #####:  989:	  state->coins += 2;
    #####:  990:	}
        -:  991:
    #####:  992:	else if (tributeRevealedCards[i] == estate || tributeRevealedCards[i] == duchy || tributeRevealedCards[i] == province || tributeRevealedCards[i] == gardens || tributeRevealedCards[i] == great_hall){//Victory Card Found
branch  0 never executed
branch  1 never executed
branch  2 never executed
branch  3 never executed
branch  4 never executed
branch  5 never executed
branch  6 never executed
branch  7 never executed
branch  8 never executed
branch  9 never executed
    #####:  993:	  drawCard(currentPlayer, state);
    #####:  994:	  drawCard(currentPlayer, state);
    #####:  995:	}
        -:  996:	else{//Action Card
    #####:  997:	  state->numActions = state->numActions + 2;
        -:  998:	}
    #####:  999:      }
        -: 1000:
    #####: 1001:      return 0;
        -: 1002:
        -: 1003:    case ambassador:
    #####: 1004:      j = 0;		//used to check if player has enough cards to discard
        -: 1005:
    #####: 1006:      if (choice2 > 2 || choice2 < 0)
branch  0 never executed
branch  1 never executed
branch  2 never executed
branch  3 never executed
        -: 1007:	{
    #####: 1008:	  return -1;
        -: 1009:	}
        -: 1010:
    #####: 1011:      if (choice1 == handPos)
branch  0 never executed
branch  1 never executed
        -: 1012:	{
    #####: 1013:	  return -1;
        -: 1014:	}
        -: 1015:
    #####: 1016:      for (i = 0; i < state->handCount[currentPlayer]; i++)
branch  0 never executed
branch  1 never executed
        -: 1017:	{
    #####: 1018:	  if (i != handPos && i == state->hand[currentPlayer][choice1] && i != choice1)
branch  0 never executed
branch  1 never executed
branch  2 never executed
branch  3 never executed
branch  4 never executed
branch  5 never executed
        -: 1019:	    {
    #####: 1020:	      j++;
    #####: 1021:	    }
    #####: 1022:	}
    #####: 1023:      if (j < choice2)
branch  0 never executed
branch  1 never executed
        -: 1024:	{
    #####: 1025:	  return -1;
        -: 1026:	}
        -: 1027:
        -: 1028:      if (DEBUG)
        -: 1029:	printf("Player %d reveals card number: %d\n", currentPlayer, state->hand[currentPlayer][choice1]);
        -: 1030:
        -: 1031:      //increase supply count for choosen card by amount being discarded
    #####: 1032:      state->supplyCount[state->hand[currentPlayer][choice1]] += choice2;
        -: 1033:
        -: 1034:      //each other player gains a copy of revealed card
    #####: 1035:      for (i = 0; i < state->numPlayers; i++)
branch  0 never executed
branch  1 never executed
        -: 1036:	{
    #####: 1037:	  if (i != currentPlayer)
branch  0 never executed
branch  1 never executed
        -: 1038:	    {
    #####: 1039:	      gainCard(state->hand[currentPlayer][choice1], state, 0, i);
    #####: 1040:	    }
    #####: 1041:	}
        -: 1042:
        -: 1043:      //discard played card from hand
    #####: 1044:      discardCard(handPos, currentPlayer, state, 0);
        -: 1045:
        -: 1046:      //trash copies of cards returned to supply
    #####: 1047:      for (j = 0; j < choice2; j++)
branch  0 never executed
branch  1 never executed
        -: 1048:	{
    #####: 1049:	  for (i = 0; i < state->handCount[currentPlayer]; i++)
branch  0 never executed
branch  1 never executed
        -: 1050:	    {
    #####: 1051:	      if (state->hand[currentPlayer][i] == state->hand[currentPlayer][choice1])
branch  0 never executed
branch  1 never executed
        -: 1052:		{
    #####: 1053:		  discardCard(i, currentPlayer, state, 1);
    #####: 1054:		  break;
        -: 1055:		}
    #####: 1056:	    }
    #####: 1057:	}
        -: 1058:
    #####: 1059:      return 0;
        -: 1060:
        -: 1061:    case cutpurse:
        -: 1062:
    #####: 1063:      updateCoins(currentPlayer, state, 2);
    #####: 1064:      for (i = 0; i < state->numPlayers; i++)
branch  0 never executed
branch  1 never executed
        -: 1065:	{
    #####: 1066:	  if (i != currentPlayer)
branch  0 never executed
branch  1 never executed
        -: 1067:	    {
    #####: 1068:	      for (j = 0; j < state->handCount[i]; j++)
branch  0 never executed
branch  1 never executed
        -: 1069:		{
    #####: 1070:		  if (state->hand[i][j] == copper)
branch  0 never executed
branch  1 never executed
        -: 1071:		    {
    #####: 1072:		      discardCard(j, i, state, 0);
    #####: 1073:		      break;
        -: 1074:		    }
    #####: 1075:		  if (j == state->handCount[i])
branch  0 never executed
branch  1 never executed
        -: 1076:		    {
    #####: 1077:		      for (k = 0; k < state->handCount[i]; k++)
branch  0 never executed
branch  1 never executed
        -: 1078:			{
        -: 1079:			  if (DEBUG)
        -: 1080:			    printf("Player %d reveals card number %d\n", i, state->hand[i][k]);
    #####: 1081:			}
    #####: 1082:		      break;
        -: 1083:		    }
    #####: 1084:		}
        -: 1085:
    #####: 1086:	    }
        -: 1087:
    #####: 1088:	}
        -: 1089:
        -: 1090:      //discard played card from hand
    #####: 1091:      discardCard(handPos, currentPlayer, state, 0);
        -: 1092:
    #####: 1093:      return 0;
        -: 1094:
        -: 1095:
        -: 1096:    case embargo:
        -: 1097:      //+2 Coins
    #####: 1098:      state->coins = state->coins + 2;
        -: 1099:
        -: 1100:      //see if selected pile is in play
    #####: 1101:      if ( state->supplyCount[choice1] == -1 )
branch  0 never executed
branch  1 never executed
        -: 1102:	{
    #####: 1103:	  return -1;
        -: 1104:	}
        -: 1105:
        -: 1106:      //add embargo token to selected supply pile
    #####: 1107:      state->embargoTokens[choice1]++;
        -: 1108:
        -: 1109:      //trash card
    #####: 1110:      discardCard(handPos, currentPlayer, state, 1);
    #####: 1111:      return 0;
        -: 1112:
        -: 1113:    case outpost:
        -: 1114:      //set outpost flag
    #####: 1115:      state->outpostPlayed++;
        -: 1116:
        -: 1117:      //discard card
    #####: 1118:      discardCard(handPos, currentPlayer, state, 0);
    #####: 1119:      return 0;
        -: 1120:
        -: 1121:    case salvager:
        -: 1122:      //+1 buy
    #####: 1123:      state->numBuys++;
        -: 1124:
    #####: 1125:      if (choice1)
branch  0 never executed
branch  1 never executed
        -: 1126:	{
        -: 1127:	  //gain coins equal to trashed card
    #####: 1128:	  state->coins = state->coins + getCost( handCard(choice1, state) );
        -: 1129:	  //trash card
    #####: 1130:	  discardCard(choice1, currentPlayer, state, 1);
    #####: 1131:	}
        -: 1132:
        -: 1133:      //discard card
    #####: 1134:      discardCard(handPos, currentPlayer, state, 0);
    #####: 1135:      return 0;
        -: 1136:
        -: 1137:    case sea_hag:
    #####: 1138:      refSeaHag(state, currentPlayer);
    #####: 1139:      return 0;
        -: 1140:
        -: 1141:    case treasure_map:
        -: 1142:      //search hand for another treasure_map
    #####: 1143:      index = -1;
    #####: 1144:      for (i = 0; i < state->handCount[currentPlayer]; i++)
branch  0 never executed
branch  1 never executed
        -: 1145:	{
    #####: 1146:	  if (state->hand[currentPlayer][i] == treasure_map && i != handPos)
branch  0 never executed
branch  1 never executed
branch  2 never executed
branch  3 never executed
        -: 1147:	    {
    #####: 1148:	      index = i;
    #####: 1149:	      break;
        -: 1150:	    }
    #####: 1151:	}
    #####: 1152:      if (index > -1)
branch  0 never executed
branch  1 never executed
        -: 1153:	{
        -: 1154:	  //trash both treasure cards
    #####: 1155:	  discardCard(handPos, currentPlayer, state, 1);
    #####: 1156:	  discardCard(index, currentPlayer, state, 1);
        -: 1157:
        -: 1158:	  //gain 4 Gold cards
    #####: 1159:	  for (i = 0; i < 4; i++)
branch  0 never executed
branch  1 never executed
        -: 1160:	    {
    #####: 1161:	      gainCard(gold, state, 1, currentPlayer);
    #####: 1162:	    }
        -: 1163:
        -: 1164:	  //return success
    #####: 1165:	  return 1;
        -: 1166:	}
        -: 1167:
        -: 1168:      //no second treasure_map found in hand
    #####: 1169:      return -1;
        -: 1170:    }
        -: 1171:
    #####: 1172:  return -1;
     6000: 1173:}
        -: 1174:
function discardCard called 3390 returned 100% blocks executed 100%
        -: 1175:int discardCard(int handPos, int currentPlayer, struct gameState *state, int trashFlag)
        -: 1176:{
        -: 1177:  //if card is not trashed, added to Played pile
     3390: 1178:  if (trashFlag < 1)
branch  0 taken 59%
branch  1 taken 41%
        -: 1179:    {
        -: 1180:      //add card to played pile
     2000: 1181:      state->playedCards[state->playedCardCount] = state->hand[currentPlayer][handPos];
     2000: 1182:      state->playedCardCount++;
     2000: 1183:    }
        -: 1184:
        -: 1185:  //set played card to -1
     3390: 1186:  state->hand[currentPlayer][handPos] = -1;
        -: 1187:
        -: 1188:  //remove card from player's hand
     3390: 1189:  if ( handPos == (state->handCount[currentPlayer] - 1) ) 	//last card in hand array is played
branch  0 taken 1%
branch  1 taken 99%
        -: 1190:    {
        -: 1191:      //reduce number of cards in hand
       32: 1192:      state->handCount[currentPlayer]--;
       32: 1193:    }
     3358: 1194:  else if ( state->handCount[currentPlayer] == 1 ) //only one card in hand
branch  0 taken 1%
branch  1 taken 99%
        -: 1195:    {
        -: 1196:      //reduce number of cards in hand
        3: 1197:      state->handCount[currentPlayer]--;
        3: 1198:    }
        -: 1199:  else
        -: 1200:    {
        -: 1201:      //replace discarded card with last card in hand
     3355: 1202:      state->hand[currentPlayer][handPos] = state->hand[currentPlayer][ (state->handCount[currentPlayer] - 1)];
        -: 1203:      //set last card to -1
     3355: 1204:      state->hand[currentPlayer][state->handCount[currentPlayer] - 1] = -1;
        -: 1205:      //reduce number of cards in hand
     3355: 1206:      state->handCount[currentPlayer]--;
        -: 1207:    }
        -: 1208:
     3390: 1209:  return 0;
        -: 1210:}
        -: 1211:
function gainCard called 0 returned 0% blocks executed 0%
        -: 1212:int gainCard(int supplyPos, struct gameState *state, int toFlag, int player)
        -: 1213:{
        -: 1214:  //Note: supplyPos is enum of choosen card
        -: 1215:
        -: 1216:  //check if supply pile is empty (0) or card is not used in game (-1)
    #####: 1217:  if ( supplyCount(supplyPos, state) < 1 )
branch  0 never executed
branch  1 never executed
        -: 1218:    {
    #####: 1219:      return -1;
        -: 1220:    }
        -: 1221:
        -: 1222:  //added card for [whoseTurn] current player:
        -: 1223:  // toFlag = 0 : add to discard
        -: 1224:  // toFlag = 1 : add to deck
        -: 1225:  // toFlag = 2 : add to hand
        -: 1226:
    #####: 1227:  if (toFlag == 1)
branch  0 never executed
branch  1 never executed
        -: 1228:    {
    #####: 1229:      state->deck[ player ][ state->deckCount[player] ] = supplyPos;
    #####: 1230:      state->deckCount[player]++;
    #####: 1231:    }
    #####: 1232:  else if (toFlag == 2)
branch  0 never executed
branch  1 never executed
        -: 1233:    {
    #####: 1234:      state->hand[ player ][ state->handCount[player] ] = supplyPos;
    #####: 1235:      state->handCount[player]++;
    #####: 1236:    }
        -: 1237:  else
        -: 1238:    {
    #####: 1239:      state->discard[player][ state->discardCount[player] ] = supplyPos;
    #####: 1240:      state->discardCount[player]++;
        -: 1241:    }
        -: 1242:
        -: 1243:  //decrease number in supply pile
    #####: 1244:  state->supplyCount[supplyPos]--;
        -: 1245:
    #####: 1246:  return 0;
    #####: 1247:}
        -: 1248:
function updateCoins called 0 returned 0% blocks executed 0%
        -: 1249:int updateCoins(int player, struct gameState *state, int bonus)
        -: 1250:{
        -: 1251:  int i;
        -: 1252:
        -: 1253:  //reset coin count
    #####: 1254:  state->coins = 0;
        -: 1255:
        -: 1256:  //add coins for each Treasure card in player's hand
    #####: 1257:  for (i = 0; i < state->handCount[player]; i++)
branch  0 never executed
branch  1 never executed
        -: 1258:    {
    #####: 1259:      if (state->hand[player][i] == copper)
branch  0 never executed
branch  1 never executed
        -: 1260:	{
    #####: 1261:	  state->coins += 1;
    #####: 1262:	}
    #####: 1263:      else if (state->hand[player][i] == silver)
branch  0 never executed
branch  1 never executed
        -: 1264:	{
    #####: 1265:	  state->coins += 2;
    #####: 1266:	}
    #####: 1267:      else if (state->hand[player][i] == gold)
branch  0 never executed
branch  1 never executed
        -: 1268:	{
    #####: 1269:	  state->coins += 3;
    #####: 1270:	}
    #####: 1271:    }
        -: 1272:
        -: 1273:  //add bonus
    #####: 1274:  state->coins += bonus;
        -: 1275:
    #####: 1276:  return 0;
        -: 1277:}
        -: 1278:
        -: 1279:// Refactored cardEffect: Adventurer
function refAdventurer called 2000 returned 100% blocks executed 100%
        -: 1280:void refAdventurer(struct gameState* state, int currentPlayer, int drawntreasure, int* temphand, int cardDrawn, int z)
        -: 1281:{
   412370: 1282:  while(drawntreasure < 3)  // bug: changed 2 to 3
branch  0 taken 99%
branch  1 taken 1%
        -: 1283:  {
        -: 1284:    //if the deck is empty we need to shuffle discard and add to deck
   204185: 1285:    if (state->deckCount[currentPlayer] < 1)
branch  0 taken 1%
branch  1 taken 99%
        -: 1286:    {
     1925: 1287:        shuffle(currentPlayer, state);
     1925: 1288:    }
        -: 1289:
   204185: 1290:    drawCard(currentPlayer, state);
        -: 1291:
        -: 1292:    //top card of hand is most recently drawn card.
   204185: 1293:    cardDrawn = state->hand[currentPlayer][state->handCount[currentPlayer] - 1];
        -: 1294:
        -: 1295:    //printf("cardDrawn: %d\n", cardDrawn);
        -: 1296:
   606607: 1297:    if (cardDrawn == copper || cardDrawn == silver || cardDrawn == gold)
branch  0 taken 99%
branch  1 taken 1%
branch  2 taken 99%
branch  3 taken 1%
branch  4 taken 1%
branch  5 taken 99%
        -: 1298:    {
        -: 1299:      //printf("*\n");
     6000: 1300:      drawntreasure++;
     6000: 1301:    }
        -: 1302:    else
        -: 1303:    {
   198185: 1304:      temphand[z] = cardDrawn;
        -: 1305:
        -: 1306:      //this should just remove the top card (the most recently drawn one).
   198185: 1307:      state->handCount[currentPlayer]--;
   198185: 1308:      z++;
        -: 1309:    }
        -: 1310:  }
        -: 1311:
   400370: 1312:  while(z - 1 >= 0)
branch  0 taken 99%
branch  1 taken 1%
        -: 1313:  {
        -: 1314:    // discard all cards in play that have been drawn
   198185: 1315:    state->discard[currentPlayer][state->discardCount[currentPlayer]++]=temphand[z - 1];
   198185: 1316:    z--;
        -: 1317:  }
        -: 1318:
     2000: 1319:}
        -: 1320:
        -: 1321:// Refactored cardEffect: Smithy
function refSmithy called 2000 returned 100% blocks executed 100%
        -: 1322:void refSmithy(struct gameState* state, int currentPlayer, int handPos)
        -: 1323:{
        -: 1324:  // +3 cards
    16000: 1325:  for (int i = 0; i < 3; i++)
branch  0 taken 75%
branch  1 taken 25%
        -: 1326:  {
     6000: 1327:    drawCard(currentPlayer, state);
     6000: 1328:  }
        -: 1329:
        -: 1330:  // discard the Smithy card
        -: 1331:  //discardCard(handPos, currentPlayer, state, 0);  // bug: skip discarding smithy card
     2000: 1332:}
        -: 1333:
        -: 1334:// Refactored cardEffect: Great Hall
function refGreatHall called 0 returned 0% blocks executed 0%
        -: 1335:void refGreatHall(struct gameState* state, int currentPlayer, int handPos)
        -: 1336:{
        -: 1337:  //+1 Card
    #####: 1338:  drawCard(currentPlayer, state);
        -: 1339:
        -: 1340:  //+1 Actions
    #####: 1341:  state->numActions = state->numActions + 2;  // bug: adds two actions instead of just one
        -: 1342:
        -: 1343:  //discard card from hand
    #####: 1344:  discardCard(handPos, currentPlayer, state, 0);
    #####: 1345:}
        -: 1346:
        -: 1347:// Refactored cardEffect: Sea Hag
function refSeaHag called 0 returned 0% blocks executed 0%
        -: 1348:void refSeaHag(struct gameState* state, int currentPlayer)
        -: 1349:{
    #####: 1350:  for (int i = 0; i < state->numPlayers; i++)
branch  0 never executed
branch  1 never executed
        -: 1351:  {
    #####: 1352:    if (i == currentPlayer)   // bug: changed != to ==
branch  0 never executed
branch  1 never executed
        -: 1353:    {
    #####: 1354:      state->discard[i][state->discardCount[i]] = state->deck[i][state->deckCount[i]--];
    #####: 1355:      state->deckCount[i]--;
    #####: 1356:  	  state->discardCount[i]++;
    #####: 1357:  	  state->deck[i][state->deckCount[i]--] = curse;   //Top card now a curse
    #####: 1358:    }
    #####: 1359:  }
    #####: 1360:}
        -: 1361:
        -: 1362:// Refactored cardEffect: Council Room
function refCouncilRoom called 0 returned 0% blocks executed 0%
        -: 1363:void refCouncilRoom(struct gameState* state, int currentPlayer, int handPos)
        -: 1364:{
        -: 1365:  int i;
        -: 1366:
        -: 1367:  //+4 Cards
    #####: 1368:  for (i = 0; i < 4; i++)
branch  0 never executed
branch  1 never executed
        -: 1369:  {
    #####: 1370:     drawCard(currentPlayer, state);
    #####: 1371:  }
        -: 1372:
        -: 1373:  //+1 Buy
    #####: 1374:  state->numBuys++;
        -: 1375:
        -: 1376:  //Each other player draws a card
    #####: 1377:  for (i = 0; i < state->numPlayers; i++)
branch  0 never executed
branch  1 never executed
        -: 1378:  {
    #####: 1379:     if ( i != currentPlayer )
branch  0 never executed
branch  1 never executed
        -: 1380:     {
    #####: 1381:       drawCard(i, state);
    #####: 1382:     }
    #####: 1383:  }
        -: 1384:
        -: 1385:  //put played card in played card pile
    #####: 1386:  discardCard(handPos, currentPlayer, state, 0);
    #####: 1387:}
        -: 1388:
        -: 1389:
        -: 1390://end of dominion.c
